2017-04-19 18:33:24 scraper.py[line:234] ERROR Error processing {'album': '',
 'author': u'\u516b\u6597',
 'author_id': '6975800262',
 'file_name': '87a89940ddbe85da5bd7c94b29154ccc',
 'file_paths': ['full\\dabfb43fa9c9cc6173ec446febf3d00c1ad771c1'],
 'file_urls': [u'http://v6.365yg.com/video/m/1145d450000211bf880e5682205ef5fa4761414ef09baf9ed1ba5f0416/?Expires=1492601601&AWSAccessKeyId=qh0h9TdcEMoS2oPj7aKX&Signature=xVxq34fhZJFVv8YrLVMFVGiabDY%3D'],
 'intro': u'\u7f8e\u56fd\u52a0\u5229\u798f\u5c3c\u4e9a\u5dde\u5f53\u5730\u65f6\u95f44\u670818\u65e5\uff0c\u5f17\u96f7\u65af\u8bfa\u53d1\u751f\u67aa\u51fb\u6848\u3002\u9020\u62103\u4eba\u6b7b\u4ea1\uff0c\u4e14\u53d7\u5bb3\u8005\u90fd\u662f\u767d\u4eba\u7537\u6027\u3002\u76ee\u524d\uff0c\u8b66\u65b9\u5df2\u7ecf\u62d8\u635539\u5c81\u7684\u72af\u7f6a\u5acc\u7591\u4eba\u3002\u5f53\u5730\u8b66\u65b9\u8868\u793a\uff0c\u67aa\u624b\u57284\u4e2a\u4e0d\u540c\u5730\u70b9\u53d1\u5c04\u4e86\u7ea616\u679a\u5b50\u5f39\uff0c\u67aa\u624b\u8ddf\u8b66\u65b9\u5bf9\u5cd9\u65f6\u9ad8\u558a\u201c\u771f\u4e3b\u81f3\u5927\u201d\u3002',
 'link': u'http://v6.365yg.com/video/m/1145d450000211bf880e5682205ef5fa4761414ef09baf9ed1ba5f0416/?Expires=1492601601&AWSAccessKeyId=qh0h9TdcEMoS2oPj7aKX&Signature=xVxq34fhZJFVv8YrLVMFVGiabDY%3D',
 'name': u'\u7f8e\u56fd\u52a0\u5dde\u67aa\u51fb\u6848\u81f43\u4eba\u6b7b\u4ea1 \u51f6\u624b\u9ad8\u558a\u201c\u771f\u4e3b\u81f3\u5927\u201d',
 'unique_url': u'http://toutiao.com/group/6410487442398249473/'}
Traceback (most recent call last):
  File "C:\Envs\scrapy2.7_env\lib\site-packages\twisted\internet\defer.py", line 653, in _runCallbacks
    current.result = callback(current.result, *args, **kw)
  File "D:\python\scrapy\audio_video_get\audio_video_get\pipelines.py", line 75, in item_completed
    os.rename(src_path, dre_path)
WindowsError: [Error 3] 
2017-04-19 18:33:27 scraper.py[line:234] ERROR Error processing {'album': '',
 'author': u'\u516b\u6597',
 'author_id': '6975800262',
 'file_name': '7e95db91c5186266b13321399e228deb',
 'file_paths': ['full\\13451601e9fc6179ac0426df6391663e17e18416'],
 'file_urls': [u'http://v1.365yg.com/95861ec639ac095043ec02645cd688aa/58f73cf4/video/m/220cc8e168baf484120baa6064f7d2262321145d2a00002037f06bf7d9/'],
 'intro': u'4\u670818\u65e5\uff0c\u5728\u57c3\u53ca\u5357\u897f\u5948\u7701\u5723\u51ef\u745f\u7433\u5e02\uff0c\u4e00\u7fa4\u6b66\u88c5\u5206\u5b50\u4f0f\u51fb\u4e86\u5728\u5723\u51ef\u745f\u7433\u4fee\u9053\u9662\u9644\u8fd1\u6267\u884c\u4efb\u52a1\u7684\u5b89\u5168\u90e8\u961f\u3002\u53cc\u65b9\u53d1\u751f\u4ea4\u706b\uff0c\u9020\u6210\u4e00\u540d\u8b66\u5b98\u906d\u5230\u67aa\u51fb\u6b7b\u4ea1\uff0c\u53e6\u6709\u4e09\u4eba\u53d7\u5230\u4e0d\u540c\u7a0b\u5ea6\u7684\u67aa\u4f24\u3002\u90e8\u5206\u6050\u6016\u5206\u5b50\u53d7\u4f24\u5e76\u9003\u79bb\u4e86\u73b0\u573a\uff0c\u5b89\u5168\u90e8\u961f\u5df2\u7ecf\u63a7\u5236\u4e86\u5c40\u52bf\u5e76\u6536\u7f34\u4e86\u90e8\u5206\u6b66\u88c5\u5206\u5b50\u9057\u7559\u7684\u67aa\u5f39\u3002',
 'link': u'http://v1.365yg.com/95861ec639ac095043ec02645cd688aa/58f73cf4/video/m/220cc8e168baf484120baa6064f7d2262321145d2a00002037f06bf7d9/',
 'name': u'\u57c3\u53ca\u5357\u897f\u5948\u7701\u5b89\u5168\u90e8\u961f\u906d\u6b66\u88c5\u5206\u5b50\u4f0f\u51fb \u4e00\u6b7b\u4e09\u4f24',
 'unique_url': u'http://toutiao.com/group/6410525479498252545/'}
Traceback (most recent call last):
  File "C:\Envs\scrapy2.7_env\lib\site-packages\twisted\internet\defer.py", line 653, in _runCallbacks
    current.result = callback(current.result, *args, **kw)
  File "D:\python\scrapy\audio_video_get\audio_video_get\pipelines.py", line 75, in item_completed
    os.rename(src_path, dre_path)
WindowsError: [Error 3] 
2017-04-19 18:33:31 scraper.py[line:234] ERROR Error processing {'album': '',
 'author': u'\u516b\u6597',
 'author_id': '6975800262',
 'file_name': 'aa60141e87390ff6b3f3767111fce98b',
 'file_paths': ['full\\6d1ddfe0f170e53cee81dad1c6cd249d0cc40a71'],
 'file_urls': [u'http://v3.365yg.com/f9bb01d2088097682c5dbedf6ed98bc9/58f73cf8/video/m/220e57d5722b42b487aab4c8426190961591145cee00001f9ae9be43e1/'],
 'intro': u'4\u670819\u65e5\u6d88\u606f\uff0c\u6c5f\u82cf\u7701\u5357\u4eac\u5e02\u7b2c\u4e8c\u533b\u9662\uff0c10\u5c81\u7537\u5b69\u5c0f\u5f3a\u4e24\u6b21\u7a81\u53d1\u809d\u8870\u7aed\u5165\u9662\u3002\u533b\u751f\u53d1\u73b0\uff0c\u81f4\u75c5\u5143\u51f6\u5c31\u662f\u4ed6\u6700\u7231\u5403\u7684\u8fa3\u6761\u3002\u4e13\u5bb6\u8868\u793a\uff0c\u201c\u4e09\u65e0\u201d\u8fa3\u6761\u9ad8\u7cd6\u3001\u9ad8\u76d0\uff0c\u542b\u5927\u91cf\u98df\u54c1\u6dfb\u52a0\u5242\uff0c\u9752\u5c11\u5e74\u6444\u5165\u8fc7\u591a\u4f1a\u5bf9\u809d\u810f\u548c\u795e\u7ecf\u7cfb\u7edf\u9020\u6210\u635f\u4f24\u3002',
 'link': u'http://v3.365yg.com/f9bb01d2088097682c5dbedf6ed98bc9/58f73cf8/video/m/220e57d5722b42b487aab4c8426190961591145cee00001f9ae9be43e1/',
 'name': u'10\u5c81\u7537\u5b69\u809d\u8870\u7aed \u7adf\u662f\u8fa3\u6761\u60f9\u7684\u7978',
 'unique_url': u'http://toutiao.com/group/6410528974572618241/'}
Traceback (most recent call last):
  File "C:\Envs\scrapy2.7_env\lib\site-packages\twisted\internet\defer.py", line 653, in _runCallbacks
    current.result = callback(current.result, *args, **kw)
  File "D:\python\scrapy\audio_video_get\audio_video_get\pipelines.py", line 75, in item_completed
    os.rename(src_path, dre_path)
WindowsError: [Error 3] 
2017-04-19 18:33:34 scraper.py[line:234] ERROR Error processing {'album': '',
 'author': u'\u516b\u6597',
 'author_id': '6975800262',
 'file_name': '0103da8525dc20cfb49630a242409a0d',
 'file_paths': ['full\\1046ebe20f3eef824f2a6d7e43ba69fe05ada930'],
 'file_urls': [u'http://v6.365yg.com/video/m/220913e0e92156f4beda9ff7769c61ef75a1145e5000001ca721b78337/?Expires=1492601612&AWSAccessKeyId=qh0h9TdcEMoS2oPj7aKX&Signature=NmJ31kfMCnmOD%2B%2FLLbEqOemt5Uw%3D'],
 'intro': u'4\u670818\u65e5\uff0c\u97e9\u56fd\u660c\u539f\uff0c\u97e9\u56fd\u6267\u653f\u515a\u603b\u7edf\u5019\u9009\u4eba\u6d2a\u51c6\u6753\u53c2\u52a0\u7ade\u9009\u62c9\u7968\u96c6\u4f1a\uff0c\u5199\u4e66\u6cd5\uff0c\u5411\u5e02\u6c11\u4e0b\u8dea\u884c\u5927\u793c\u3002',
 'link': u'http://v6.365yg.com/video/m/220913e0e92156f4beda9ff7769c61ef75a1145e5000001ca721b78337/?Expires=1492601612&AWSAccessKeyId=qh0h9TdcEMoS2oPj7aKX&Signature=NmJ31kfMCnmOD%2B%2FLLbEqOemt5Uw%3D',
 'name': u'\u97e9\u56fd\u603b\u7edf\u5019\u9009\u4eba\u62c9\u7968 \u79c0\u4e66\u6cd5\u4e0b\u8dea\u62dc\u793c\u6c42\u652f\u6301',
 'unique_url': u'http://toutiao.com/group/6410563454582653442/'}
Traceback (most recent call last):
  File "C:\Envs\scrapy2.7_env\lib\site-packages\twisted\internet\defer.py", line 653, in _runCallbacks
    current.result = callback(current.result, *args, **kw)
  File "D:\python\scrapy\audio_video_get\audio_video_get\pipelines.py", line 75, in item_completed
    os.rename(src_path, dre_path)
WindowsError: [Error 3] 
2017-04-19 18:33:42 scraper.py[line:234] ERROR Error processing {'album': '',
 'author': u'\u516b\u6597',
 'author_id': '6975800262',
 'file_name': '995cf738f387a8b76fa32401ab4bef4e',
 'file_paths': ['full\\9374f4fa91259e12c0bbf26da672c4e7cd3d1da0'],
 'file_urls': [u'http://v3.365yg.com/40152c1690bff31b0a2f9968be67d623/58f73d03/video/m/220420ba3c80bbb472a8b3af69ca438a1391145eb800000a3ab8e3a169/'],
 'intro': u'4\u670819\u65e5\uff0c\u636e\u7f8e\u56fd\u300a\u4e16\u754c\u65e5\u62a5\u300b\u62a5\u9053\uff0c\u8bb8\u591a\u534e\u4eba\u4ece\u4e2d\u56fd\u63a2\u4eb2\u56de\u5230\u7f8e\u56fd\u65f6\u4f1a\u5e26\u4e0a\u7279\u4ea7\u98df\u54c1\u3002\u8fd1\u65e5\uff0c\u4e00\u540d\u534e\u88d4\u5973\u58eb\u7684\u706b\u9505\u8c03\u6599\u5165\u5883\u65f6\u88ab\u6ca1\u6536\uff0c\u7f8e\u56fd\u6d77\u5173\u7ed9\u51fa\u7684\u539f\u56e0\u5219\u662f\u5185\u6709\u9e21\u7cbe\uff0c\u4e3a\u52a8\u7269\u5236\u54c1\u3002\u867d\u5b9e\u9645\u548c\u52a8\u7269\u65e0\u5173\uff0c\u4f46\u56e0\u540d\u5b57\u6216\u5305\u88c5\u4e0a\u6709\u52a8\u7269\u56fe\u50cf\u6216\u6587\u5b57\u51fa\u73b0\u800c\u88ab\u6ca1\u6536\u7684\u6848\u4f8b\u4e5f\u76f8\u5f53\u591a\uff0c\u4e0d\u5c11\u534e\u88d4\u7f51\u53cb\u90fd\u6709\u8fc7\u7c7b\u4f3c\u7ecf\u5386\u3002',
 'link': u'http://v3.365yg.com/40152c1690bff31b0a2f9968be67d623/58f73d03/video/m/220420ba3c80bbb472a8b3af69ca438a1391145eb800000a3ab8e3a169/',
 'name': u'\u534e\u4eba\u8d74\u7f8e\u706b\u9505\u6599\u5165\u5883\u88ab\u67e5\u6ca1 \u6d77\u5173\uff1a\u9e21\u7cbe\u7b97\u52a8\u7269\u5236\u54c1',
 'unique_url': u'http://toutiao.com/group/6410565166789820930/'}
Traceback (most recent call last):
  File "C:\Envs\scrapy2.7_env\lib\site-packages\twisted\internet\defer.py", line 653, in _runCallbacks
    current.result = callback(current.result, *args, **kw)
  File "D:\python\scrapy\audio_video_get\audio_video_get\pipelines.py", line 75, in item_completed
    os.rename(src_path, dre_path)
WindowsError: [Error 3] 
2017-04-19 18:33:47 scraper.py[line:234] ERROR Error processing {'album': '',
 'author': u'\u516b\u6597',
 'author_id': '6975800262',
 'file_name': 'f2ed4da9af960849e4d8340e52bf9aad',
 'file_paths': ['full\\1a0e610cbc105e572a90022612d76e77d811caff'],
 'file_urls': [u'http://v3.365yg.com/25bd5d34e8321f966b348f4762a24e8e/58f73d08/video/m/220855db173cfcf4ac8bc0fc4642fd8ce3f1145cd6000030b89dcd3104/'],
 'intro': u'\u4e0a\u6d77\u98de\u673a\u5236\u9020\u516c\u53f8\u6d66\u4e1c\u57fa\u5730\u5931\u706b',
 'link': u'http://v3.365yg.com/25bd5d34e8321f966b348f4762a24e8e/58f73d08/video/m/220855db173cfcf4ac8bc0fc4642fd8ce3f1145cd6000030b89dcd3104/',
 'name': u'\u4e0a\u6d77\u98de\u673a\u5236\u9020\u516c\u53f8\u6d66\u4e1c\u57fa\u5730\u5931\u706b \u6d53\u70df\u4e0a\u7a7a\u6709\u98de\u673a\u98de\u8fc7',
 'unique_url': u'http://toutiao.com/group/6410599915270013185/'}
Traceback (most recent call last):
  File "C:\Envs\scrapy2.7_env\lib\site-packages\twisted\internet\defer.py", line 653, in _runCallbacks
    current.result = callback(current.result, *args, **kw)
  File "D:\python\scrapy\audio_video_get\audio_video_get\pipelines.py", line 75, in item_completed
    os.rename(src_path, dre_path)
WindowsError: [Error 3] 
2017-04-19 18:33:51 scraper.py[line:234] ERROR Error processing {'album': '',
 'author': u'\u516b\u6597',
 'author_id': '6975800262',
 'file_name': 'a9c1bd681ac6b6f42024624bc43059fa',
 'file_paths': ['full\\5b52ec0bf252ead8070ab22f30abcac9b38cbb24'],
 'file_urls': [u'http://v1.365yg.com/5372d9c181b71e8460cb77a1b8685e5e/58f73d0c/video/m/220cf2e6856caeb4cd99db87953fd7c846c1145e0e00002b73ed1f76c2/'],
 'intro': u'4\u670819\u65e5\uff0c\u5e7f\u4e1c\u6cb3\u6e90\u5e02\u533a\u9ad8\u5858\u4e30\u6e90\u65b0\u6751\u5927\u9053\u53d1\u751f\u4e25\u91cd\u8087\u4e8b\u9003\u9038\u4e8b\u4ef6\u30023\u540d\u5c0f\u5b66\u751f\u5728\u4e0a\u5b66\u9014\u4e2d\u88ab\u4e00\u767d\u8272\u8f7f\u8f66\u649e\u5012\uff0c2\u540d\u5973\u5b66\u751f\u5f53\u573a\u6b7b\u4ea1\uff0c1\u540d\u91cd\u4f24\u3002\u4e8b\u6545\u53d1\u751f\u540e\uff0c\u8087\u4e8b\u53f8\u673a\u76f4\u63a5\u9a7e\u8f66\u9003\u9038\u3002\u968f\u540e\uff0c\u8b66\u65b9\u5728\u6751\u6c11\u534f\u52a9\u4e0b\uff0c\u5728\u5de5\u4e1a\u533a\u9644\u8fd1\u627e\u5230\u8087\u4e8b\u53f8\u673a\u4e0e\u8f66\u8f86\u3002\u76ee\u524d\uff0c\u4e8b\u6545\u6b63\u5728\u8c03\u67e5\u5904\u7406\u4e2d\u3002',
 'link': u'http://v1.365yg.com/5372d9c181b71e8460cb77a1b8685e5e/58f73d0c/video/m/220cf2e6856caeb4cd99db87953fd7c846c1145e0e00002b73ed1f76c2/',
 'name': u'\u60e8\uff01\u4e09\u5c0f\u5b66\u751f\u4e0a\u5b66\u88ab\u98de\u9a70\u8f7f\u8f66\u649e\u98de\u81f42\u6b7b1\u91cd\u4f24',
 'unique_url': u'http://toutiao.com/group/6410620726697099522/'}
Traceback (most recent call last):
  File "C:\Envs\scrapy2.7_env\lib\site-packages\twisted\internet\defer.py", line 653, in _runCallbacks
    current.result = callback(current.result, *args, **kw)
  File "D:\python\scrapy\audio_video_get\audio_video_get\pipelines.py", line 75, in item_completed
    os.rename(src_path, dre_path)
WindowsError: [Error 3] 
